<?xml version="1.0" encoding="UTF-8"?>
<!-- Generated by org.testng.reporters.JUnitReportReporter -->
<testsuite hostname="DESKTOP-CNHOQHQ" failures="0" tests="1" name="com.simplylearn.SwagLabsAutomation.Addingproducttocart" time="5.226" errors="0" timestamp="30 Nov 2023 13:36:51 GMT" skipped="0">
  <testcase classname="com.simplylearn.SwagLabsAutomation.Addingproducttocart" name="addingproducttocart" time="5.226"/>
</testsuite> <!-- com.simplylearn.SwagLabsAutomation.Addingproducttocart -->
